<?xml version="1.0" encoding="UTF-8"?>
<testsuite xmlns:xsi="http://www.w3.org/2001/XMLSchema-instance" xsi:noNamespaceSchemaLocation="https://maven.apache.org/surefire/maven-surefire-plugin/xsd/surefire-test-report-3.0.xsd" version="3.0" name="fr.univtln.m1im.png.AppTest" time="4.258" tests="1" errors="0" skipped="0" failures="0">
  <properties>
    <property name="java.specification.version" value="23"/>
    <property name="sun.jnu.encoding" value="UTF-8"/>
    <property name="java.class.path" value="/home/emad_70/M1/Sopra/projet-planning/png/target/test-classes:/home/emad_70/M1/Sopra/projet-planning/png/target/classes:/home/emad_70/.m2/repository/ch/qos/logback/logback-classic/1.5.16/logback-classic-1.5.16.jar:/home/emad_70/.m2/repository/ch/qos/logback/logback-core/1.5.16/logback-core-1.5.16.jar:/home/emad_70/.m2/repository/org/slf4j/slf4j-api/2.0.16/slf4j-api-2.0.16.jar:/home/emad_70/.m2/repository/com/guicedee/services/sl4j/1.0.13.5-jre14/sl4j-1.0.13.5-jre14.jar:/home/emad_70/.m2/repository/com/guicedee/services/log4j-core/1.0.13.5-jre14/log4j-core-1.0.13.5-jre14.jar:/home/emad_70/.m2/repository/com/ibeetl/postgres/3.22.0-RELEASE/postgres-3.22.0-RELEASE.jar:/home/emad_70/.m2/repository/org/postgresql/postgresql/42.4.0/postgresql-42.4.0.jar:/home/emad_70/.m2/repository/org/checkerframework/checker-qual/3.5.0/checker-qual-3.5.0.jar:/home/emad_70/.m2/repository/com/fasterxml/jackson/core/jackson-databind/2.9.8/jackson-databind-2.9.8.jar:/home/emad_70/.m2/repository/com/fasterxml/jackson/core/jackson-annotations/2.9.0/jackson-annotations-2.9.0.jar:/home/emad_70/.m2/repository/com/fasterxml/jackson/core/jackson-core/2.9.8/jackson-core-2.9.8.jar:/home/emad_70/.m2/repository/com/zaxxer/HikariCP/3.3.1/HikariCP-3.3.1.jar:/home/emad_70/.m2/repository/com/ibeetl/beetlsql/3.22.0-RELEASE/beetlsql-3.22.0-RELEASE.jar:/home/emad_70/.m2/repository/com/ibeetl/sql-core/3.22.0-RELEASE/sql-core-3.22.0-RELEASE.jar:/home/emad_70/.m2/repository/com/ibeetl/sql-util/3.22.0-RELEASE/sql-util-3.22.0-RELEASE.jar:/home/emad_70/.m2/repository/com/github/jsqlparser/jsqlparser/4.1/jsqlparser-4.1.jar:/home/emad_70/.m2/repository/javax/validation/validation-api/1.1.0.Final/validation-api-1.1.0.Final.jar:/home/emad_70/.m2/repository/com/ibeetl/sql-gen/3.22.0-RELEASE/sql-gen-3.22.0-RELEASE.jar:/home/emad_70/.m2/repository/com/ibeetl/sql-fetch/3.22.0-RELEASE/sql-fetch-3.22.0-RELEASE.jar:/home/emad_70/.m2/repository/com/ibeetl/sql-mapper/3.22.0-RELEASE/sql-mapper-3.22.0-RELEASE.jar:/home/emad_70/.m2/repository/com/ibeetl/beetl/3.15.3.RELEASE/beetl-3.15.3.RELEASE.jar:/home/emad_70/.m2/repository/com/ibeetl/beetl-core/3.15.3.RELEASE/beetl-core-3.15.3.RELEASE.jar:/home/emad_70/.m2/repository/com/ibeetl/beetl-default-antlr4.9-support/3.15.3.RELEASE/beetl-default-antlr4.9-support-3.15.3.RELEASE.jar:/home/emad_70/.m2/repository/com/ibeetl/beetl-ext/3.15.3.RELEASE/beetl-ext-3.15.3.RELEASE.jar:/home/emad_70/.m2/repository/org/projectlombok/lombok/1.18.36/lombok-1.18.36.jar:/home/emad_70/.m2/repository/org/openjfx/javafx-controls/21/javafx-controls-21.jar:/home/emad_70/.m2/repository/org/openjfx/javafx-controls/21/javafx-controls-21-linux.jar:/home/emad_70/.m2/repository/org/openjfx/javafx-graphics/21/javafx-graphics-21.jar:/home/emad_70/.m2/repository/org/openjfx/javafx-graphics/21/javafx-graphics-21-linux.jar:/home/emad_70/.m2/repository/org/openjfx/javafx-base/21/javafx-base-21.jar:/home/emad_70/.m2/repository/org/openjfx/javafx-base/21/javafx-base-21-linux.jar:/home/emad_70/.m2/repository/org/openjfx/javafx-fxml/21/javafx-fxml-21.jar:/home/emad_70/.m2/repository/org/openjfx/javafx-fxml/21/javafx-fxml-21-linux.jar:/home/emad_70/.m2/repository/org/junit/jupiter/junit-jupiter-api/5.6.0/junit-jupiter-api-5.6.0.jar:/home/emad_70/.m2/repository/org/apiguardian/apiguardian-api/1.1.0/apiguardian-api-1.1.0.jar:/home/emad_70/.m2/repository/org/opentest4j/opentest4j/1.2.0/opentest4j-1.2.0.jar:/home/emad_70/.m2/repository/org/junit/platform/junit-platform-commons/1.6.0/junit-platform-commons-1.6.0.jar:/home/emad_70/.m2/repository/org/junit/jupiter/junit-jupiter-engine/5.6.0/junit-jupiter-engine-5.6.0.jar:/home/emad_70/.m2/repository/org/junit/platform/junit-platform-engine/1.6.0/junit-platform-engine-1.6.0.jar:/home/emad_70/.m2/repository/jakarta/persistence/jakarta.persistence-api/3.2.0/jakarta.persistence-api-3.2.0.jar:/home/emad_70/.m2/repository/org/hibernate/orm/hibernate-core/6.6.4.Final/hibernate-core-6.6.4.Final.jar:/home/emad_70/.m2/repository/jakarta/transaction/jakarta.transaction-api/2.0.1/jakarta.transaction-api-2.0.1.jar:/home/emad_70/.m2/repository/org/jboss/logging/jboss-logging/3.5.0.Final/jboss-logging-3.5.0.Final.jar:/home/emad_70/.m2/repository/org/hibernate/common/hibernate-commons-annotations/7.0.3.Final/hibernate-commons-annotations-7.0.3.Final.jar:/home/emad_70/.m2/repository/io/smallrye/jandex/3.2.0/jandex-3.2.0.jar:/home/emad_70/.m2/repository/com/fasterxml/classmate/1.5.1/classmate-1.5.1.jar:/home/emad_70/.m2/repository/net/bytebuddy/byte-buddy/1.14.18/byte-buddy-1.14.18.jar:/home/emad_70/.m2/repository/jakarta/xml/bind/jakarta.xml.bind-api/4.0.0/jakarta.xml.bind-api-4.0.0.jar:/home/emad_70/.m2/repository/jakarta/activation/jakarta.activation-api/2.1.0/jakarta.activation-api-2.1.0.jar:/home/emad_70/.m2/repository/org/glassfish/jaxb/jaxb-runtime/4.0.2/jaxb-runtime-4.0.2.jar:/home/emad_70/.m2/repository/org/glassfish/jaxb/jaxb-core/4.0.2/jaxb-core-4.0.2.jar:/home/emad_70/.m2/repository/org/eclipse/angus/angus-activation/2.0.0/angus-activation-2.0.0.jar:/home/emad_70/.m2/repository/org/glassfish/jaxb/txw2/4.0.2/txw2-4.0.2.jar:/home/emad_70/.m2/repository/com/sun/istack/istack-commons-runtime/4.1.1/istack-commons-runtime-4.1.1.jar:/home/emad_70/.m2/repository/jakarta/inject/jakarta.inject-api/2.0.1/jakarta.inject-api-2.0.1.jar:/home/emad_70/.m2/repository/org/antlr/antlr4-runtime/4.13.0/antlr4-runtime-4.13.0.jar:"/>
    <property name="java.vm.vendor" value="Eclipse Adoptium"/>
    <property name="sun.arch.data.model" value="64"/>
    <property name="java.vendor.url" value="https://adoptium.net/"/>
    <property name="user.timezone" value="Europe/Paris"/>
    <property name="os.name" value="Linux"/>
    <property name="java.vm.specification.version" value="23"/>
    <property name="sun.java.launcher" value="SUN_STANDARD"/>
    <property name="user.country" value="FR"/>
    <property name="sun.boot.library.path" value="/home/emad_70/.sdkman/candidates/java/23-tem/lib"/>
    <property name="sun.java.command" value="/home/emad_70/M1/Sopra/projet-planning/png/target/surefire/surefirebooter-20250413011612951_3.jar /home/emad_70/M1/Sopra/projet-planning/png/target/surefire 2025-04-13T01-16-12_853-jvmRun1 surefire-20250413011612951_1tmp surefire_0-20250413011612951_2tmp"/>
    <property name="jdk.debug" value="release"/>
    <property name="surefire.test.class.path" value="/home/emad_70/M1/Sopra/projet-planning/png/target/test-classes:/home/emad_70/M1/Sopra/projet-planning/png/target/classes:/home/emad_70/.m2/repository/ch/qos/logback/logback-classic/1.5.16/logback-classic-1.5.16.jar:/home/emad_70/.m2/repository/ch/qos/logback/logback-core/1.5.16/logback-core-1.5.16.jar:/home/emad_70/.m2/repository/org/slf4j/slf4j-api/2.0.16/slf4j-api-2.0.16.jar:/home/emad_70/.m2/repository/com/guicedee/services/sl4j/1.0.13.5-jre14/sl4j-1.0.13.5-jre14.jar:/home/emad_70/.m2/repository/com/guicedee/services/log4j-core/1.0.13.5-jre14/log4j-core-1.0.13.5-jre14.jar:/home/emad_70/.m2/repository/com/ibeetl/postgres/3.22.0-RELEASE/postgres-3.22.0-RELEASE.jar:/home/emad_70/.m2/repository/org/postgresql/postgresql/42.4.0/postgresql-42.4.0.jar:/home/emad_70/.m2/repository/org/checkerframework/checker-qual/3.5.0/checker-qual-3.5.0.jar:/home/emad_70/.m2/repository/com/fasterxml/jackson/core/jackson-databind/2.9.8/jackson-databind-2.9.8.jar:/home/emad_70/.m2/repository/com/fasterxml/jackson/core/jackson-annotations/2.9.0/jackson-annotations-2.9.0.jar:/home/emad_70/.m2/repository/com/fasterxml/jackson/core/jackson-core/2.9.8/jackson-core-2.9.8.jar:/home/emad_70/.m2/repository/com/zaxxer/HikariCP/3.3.1/HikariCP-3.3.1.jar:/home/emad_70/.m2/repository/com/ibeetl/beetlsql/3.22.0-RELEASE/beetlsql-3.22.0-RELEASE.jar:/home/emad_70/.m2/repository/com/ibeetl/sql-core/3.22.0-RELEASE/sql-core-3.22.0-RELEASE.jar:/home/emad_70/.m2/repository/com/ibeetl/sql-util/3.22.0-RELEASE/sql-util-3.22.0-RELEASE.jar:/home/emad_70/.m2/repository/com/github/jsqlparser/jsqlparser/4.1/jsqlparser-4.1.jar:/home/emad_70/.m2/repository/javax/validation/validation-api/1.1.0.Final/validation-api-1.1.0.Final.jar:/home/emad_70/.m2/repository/com/ibeetl/sql-gen/3.22.0-RELEASE/sql-gen-3.22.0-RELEASE.jar:/home/emad_70/.m2/repository/com/ibeetl/sql-fetch/3.22.0-RELEASE/sql-fetch-3.22.0-RELEASE.jar:/home/emad_70/.m2/repository/com/ibeetl/sql-mapper/3.22.0-RELEASE/sql-mapper-3.22.0-RELEASE.jar:/home/emad_70/.m2/repository/com/ibeetl/beetl/3.15.3.RELEASE/beetl-3.15.3.RELEASE.jar:/home/emad_70/.m2/repository/com/ibeetl/beetl-core/3.15.3.RELEASE/beetl-core-3.15.3.RELEASE.jar:/home/emad_70/.m2/repository/com/ibeetl/beetl-default-antlr4.9-support/3.15.3.RELEASE/beetl-default-antlr4.9-support-3.15.3.RELEASE.jar:/home/emad_70/.m2/repository/com/ibeetl/beetl-ext/3.15.3.RELEASE/beetl-ext-3.15.3.RELEASE.jar:/home/emad_70/.m2/repository/org/projectlombok/lombok/1.18.36/lombok-1.18.36.jar:/home/emad_70/.m2/repository/org/openjfx/javafx-controls/21/javafx-controls-21.jar:/home/emad_70/.m2/repository/org/openjfx/javafx-controls/21/javafx-controls-21-linux.jar:/home/emad_70/.m2/repository/org/openjfx/javafx-graphics/21/javafx-graphics-21.jar:/home/emad_70/.m2/repository/org/openjfx/javafx-graphics/21/javafx-graphics-21-linux.jar:/home/emad_70/.m2/repository/org/openjfx/javafx-base/21/javafx-base-21.jar:/home/emad_70/.m2/repository/org/openjfx/javafx-base/21/javafx-base-21-linux.jar:/home/emad_70/.m2/repository/org/openjfx/javafx-fxml/21/javafx-fxml-21.jar:/home/emad_70/.m2/repository/org/openjfx/javafx-fxml/21/javafx-fxml-21-linux.jar:/home/emad_70/.m2/repository/org/junit/jupiter/junit-jupiter-api/5.6.0/junit-jupiter-api-5.6.0.jar:/home/emad_70/.m2/repository/org/apiguardian/apiguardian-api/1.1.0/apiguardian-api-1.1.0.jar:/home/emad_70/.m2/repository/org/opentest4j/opentest4j/1.2.0/opentest4j-1.2.0.jar:/home/emad_70/.m2/repository/org/junit/platform/junit-platform-commons/1.6.0/junit-platform-commons-1.6.0.jar:/home/emad_70/.m2/repository/org/junit/jupiter/junit-jupiter-engine/5.6.0/junit-jupiter-engine-5.6.0.jar:/home/emad_70/.m2/repository/org/junit/platform/junit-platform-engine/1.6.0/junit-platform-engine-1.6.0.jar:/home/emad_70/.m2/repository/jakarta/persistence/jakarta.persistence-api/3.2.0/jakarta.persistence-api-3.2.0.jar:/home/emad_70/.m2/repository/org/hibernate/orm/hibernate-core/6.6.4.Final/hibernate-core-6.6.4.Final.jar:/home/emad_70/.m2/repository/jakarta/transaction/jakarta.transaction-api/2.0.1/jakarta.transaction-api-2.0.1.jar:/home/emad_70/.m2/repository/org/jboss/logging/jboss-logging/3.5.0.Final/jboss-logging-3.5.0.Final.jar:/home/emad_70/.m2/repository/org/hibernate/common/hibernate-commons-annotations/7.0.3.Final/hibernate-commons-annotations-7.0.3.Final.jar:/home/emad_70/.m2/repository/io/smallrye/jandex/3.2.0/jandex-3.2.0.jar:/home/emad_70/.m2/repository/com/fasterxml/classmate/1.5.1/classmate-1.5.1.jar:/home/emad_70/.m2/repository/net/bytebuddy/byte-buddy/1.14.18/byte-buddy-1.14.18.jar:/home/emad_70/.m2/repository/jakarta/xml/bind/jakarta.xml.bind-api/4.0.0/jakarta.xml.bind-api-4.0.0.jar:/home/emad_70/.m2/repository/jakarta/activation/jakarta.activation-api/2.1.0/jakarta.activation-api-2.1.0.jar:/home/emad_70/.m2/repository/org/glassfish/jaxb/jaxb-runtime/4.0.2/jaxb-runtime-4.0.2.jar:/home/emad_70/.m2/repository/org/glassfish/jaxb/jaxb-core/4.0.2/jaxb-core-4.0.2.jar:/home/emad_70/.m2/repository/org/eclipse/angus/angus-activation/2.0.0/angus-activation-2.0.0.jar:/home/emad_70/.m2/repository/org/glassfish/jaxb/txw2/4.0.2/txw2-4.0.2.jar:/home/emad_70/.m2/repository/com/sun/istack/istack-commons-runtime/4.1.1/istack-commons-runtime-4.1.1.jar:/home/emad_70/.m2/repository/jakarta/inject/jakarta.inject-api/2.0.1/jakarta.inject-api-2.0.1.jar:/home/emad_70/.m2/repository/org/antlr/antlr4-runtime/4.13.0/antlr4-runtime-4.13.0.jar:"/>
    <property name="sun.cpu.endian" value="little"/>
    <property name="user.home" value="/home/emad_70"/>
    <property name="user.language" value="fr"/>
    <property name="java.specification.vendor" value="Oracle Corporation"/>
    <property name="java.version.date" value="2024-09-17"/>
    <property name="java.home" value="/home/emad_70/.sdkman/candidates/java/23-tem"/>
    <property name="file.separator" value="/"/>
    <property name="basedir" value="/home/emad_70/M1/Sopra/projet-planning/png"/>
    <property name="java.vm.compressedOopsMode" value="Zero based"/>
    <property name="line.separator" value="&#10;"/>
    <property name="java.specification.name" value="Java Platform API Specification"/>
    <property name="java.vm.specification.vendor" value="Oracle Corporation"/>
    <property name="surefire.real.class.path" value="/home/emad_70/M1/Sopra/projet-planning/png/target/surefire/surefirebooter-20250413011612951_3.jar"/>
    <property name="sun.management.compiler" value="HotSpot 64-Bit Tiered Compilers"/>
    <property name="java.runtime.version" value="23+37"/>
    <property name="user.name" value="emad_70"/>
    <property name="stdout.encoding" value="UTF-8"/>
    <property name="path.separator" value=":"/>
    <property name="os.version" value="6.8.0-57-generic"/>
    <property name="java.runtime.name" value="OpenJDK Runtime Environment"/>
    <property name="file.encoding" value="UTF-8"/>
    <property name="java.vm.name" value="OpenJDK 64-Bit Server VM"/>
    <property name="java.vendor.version" value="Temurin-23+37"/>
    <property name="localRepository" value="/home/emad_70/.m2/repository"/>
    <property name="java.vendor.url.bug" value="https://github.com/adoptium/adoptium-support/issues"/>
    <property name="java.io.tmpdir" value="/tmp"/>
    <property name="java.version" value="23"/>
    <property name="user.dir" value="/home/emad_70/M1/Sopra/projet-planning/png"/>
    <property name="os.arch" value="amd64"/>
    <property name="java.vm.specification.name" value="Java Virtual Machine Specification"/>
    <property name="native.encoding" value="UTF-8"/>
    <property name="java.library.path" value="/usr/java/packages/lib:/usr/lib64:/lib64:/lib:/usr/lib"/>
    <property name="java.vm.info" value="mixed mode, sharing"/>
    <property name="stderr.encoding" value="UTF-8"/>
    <property name="java.vendor" value="Eclipse Adoptium"/>
    <property name="java.vm.version" value="23+37"/>
    <property name="sun.io.unicode.encoding" value="UnicodeLittle"/>
    <property name="java.class.version" value="67.0"/>
  </properties>
  <testcase name="testApp" classname="fr.univtln.m1im.png.AppTest" time="3.995">
    <system-out><![CDATA[2025-04-13 01:16:13 [main] INFO  fr.univtln.m1im.png.Utils - Starting EntityManagerFactory initialization
2025-04-13 01:16:13 [main] INFO  fr.univtln.m1im.png.Utils - Initializing EntityManagerFactory
2025-04-13 01:16:17 [main] INFO  fr.univtln.m1im.png.Utils - EntityManagerFactory initialized successfully
2025-04-13 01:16:17 [main] INFO  fr.univtln.m1im.png.AppTest - Persisting entities
2025-04-13 01:16:17 [main] INFO  fr.univtln.m1im.png.AppTest - Entities persisted successfully
2025-04-13 01:16:17 [main] INFO  fr.univtln.m1im.png.AppTest - TEST1
2025-04-13 01:16:17 [main] INFO  fr.univtln.m1im.png.AppTest - Le créneau ne peut pas être inséré car il y a un conflit avec la salle T001
2025-04-13 01:16:17 [main] INFO  fr.univtln.m1im.png.AppTest - Le créneau a été inséré
2025-04-13 01:16:17 [main] INFO  fr.univtln.m1im.png.AppTest - Le créneau ne peut pas être inséré car il y a un conflit avec le professeur Nom2 Prenom2
]]></system-out>
    <system-err><![CDATA[Hello World!
]]></system-err>
  </testcase>
</testsuite>